<?xml version="1.0" encoding="UTF-8"?>
<!-- Generated by org.testng.reporters.JUnitReportReporter -->
<testsuite hostname="DESKTOP-3C3LCLA" name="testngSessions.MyTest" tests="1" failures="0" timestamp="19 May 2020 09:03:18 GMT" time="0.072" errors="0">
  <testcase name="test1" time="0.072" classname="testngSessions.MyTest"/>
</testsuite> <!-- testngSessions.MyTest -->
