<?xml version="1.0" encoding="UTF-8"?>
<!-- Generated by org.testng.reporters.JUnitReportReporter -->
<testsuite hostname="DESKTOP-3C3LCLA" name="testngSessions.DisableTest" tests="3" failures="0" timestamp="20 May 2020 12:38:54 GMT" time="0.047" errors="0">
  <testcase name="test1" time="0.031" classname="testngSessions.DisableTest"/>
  <testcase name="test4" time="0.000" classname="testngSessions.DisableTest"/>
  <testcase name="test5" time="0.016" classname="testngSessions.DisableTest"/>
</testsuite> <!-- testngSessions.DisableTest -->
