<?xml version="1.0" encoding="UTF-8"?>
<!-- Generated by org.testng.reporters.JUnitReportReporter -->
<testsuite hostname="DESKTOP-3C3LCLA" name="testngSessions.TestNgAnnotations" tests="2" failures="0" timestamp="19 May 2020 16:11:27 GMT" time="0.026" errors="0">
  <testcase name="verifyLoggedInUser" time="0.020" classname="testngSessions.TestNgAnnotations"/>
  <testcase name="verifyTitleTest" time="0.006" classname="testngSessions.TestNgAnnotations"/>
</testsuite> <!-- testngSessions.TestNgAnnotations -->
