<?xml version="1.0" encoding="UTF-8"?>
<!-- Generated by org.testng.reporters.JUnitReportReporter -->
<testsuite hostname="DESKTOP-3C3LCLA" name="testngSessions.DependsOnMethods" tests="3" failures="0" timestamp="20 May 2020 12:24:11 GMT" time="0.048" errors="0">
  <testcase name="logInTest" time="0.040" classname="testngSessions.DependsOnMethods"/>
  <testcase name="homePageTest" time="0.006" classname="testngSessions.DependsOnMethods"/>
  <testcase name="searchPageTest" time="0.002" classname="testngSessions.DependsOnMethods"/>
</testsuite> <!-- testngSessions.DependsOnMethods -->
