<?xml version="1.0" encoding="UTF-8"?>
<!-- Generated by org.testng.reporters.JUnitReportReporter -->
<testsuite hostname="DESKTOP-3C3LCLA" name="testngSessions.PriorityTest" tests="5" failures="0" timestamp="20 May 2020 11:49:17 GMT" time="0.061" errors="0">
  <testcase name="test5" time="0.000" classname="testngSessions.PriorityTest"/>
  <testcase name="test3" time="0.000" classname="testngSessions.PriorityTest"/>
  <testcase name="test2" time="0.046" classname="testngSessions.PriorityTest"/>
  <testcase name="test4" time="0.015" classname="testngSessions.PriorityTest"/>
  <testcase name="test1" time="0.000" classname="testngSessions.PriorityTest"/>
</testsuite> <!-- testngSessions.PriorityTest -->
